c:\prog\physics_blit3dv3\mildlyannoyedaliens\blit3dv3\release\vc140.pdb
c:\prog\physics_blit3dv3\mildlyannoyedaliens\blit3dv3\release\shotentity.obj
c:\prog\physics_blit3dv3\mildlyannoyedaliens\blit3dv3\release\physics.obj
c:\prog\physics_blit3dv3\mildlyannoyedaliens\blit3dv3\release\particle.obj
c:\prog\physics_blit3dv3\mildlyannoyedaliens\blit3dv3\release\mycontactlistener.obj
c:\prog\physics_blit3dv3\mildlyannoyedaliens\blit3dv3\release\main.obj
c:\prog\physics_blit3dv3\mildlyannoyedaliens\blit3dv3\release\entity.obj
c:\prog\physics_blit3dv3\mildlyannoyedaliens\blit3dv3\release\blockentity.obj
c:\prog\physics_blit3dv3\mildlyannoyedaliens\blit3dv3\release\texturemanager.obj
c:\prog\physics_blit3dv3\mildlyannoyedaliens\blit3dv3\release\sprite.obj
c:\prog\physics_blit3dv3\mildlyannoyedaliens\blit3dv3\release\shadermanager.obj
c:\prog\physics_blit3dv3\mildlyannoyedaliens\blit3dv3\release\renderbuffer.obj
c:\prog\physics_blit3dv3\mildlyannoyedaliens\blit3dv3\release\logger.obj
c:\prog\physics_blit3dv3\mildlyannoyedaliens\blit3dv3\release\glutils.obj
c:\prog\physics_blit3dv3\mildlyannoyedaliens\blit3dv3\release\glslprogram.obj
c:\prog\physics_blit3dv3\mildlyannoyedaliens\blit3dv3\release\byteswap.obj
c:\prog\physics_blit3dv3\mildlyannoyedaliens\blit3dv3\release\blit3d.obj
c:\prog\physics_blit3dv3\mildlyannoyedaliens\blit3dv3\release\bfont.obj
c:\prog\physics_blit3dv3\mildlyannoyedaliens\blit3dv3\release\angelcodefont.obj
c:\prog\physics_blit3dv3\mildlyannoyedaliens\blit3dv3\release\window.obj
c:\prog\physics_blit3dv3\mildlyannoyedaliens\blit3dv3\release\win32_window.obj
c:\prog\physics_blit3dv3\mildlyannoyedaliens\blit3dv3\release\win32_tls.obj
c:\prog\physics_blit3dv3\mildlyannoyedaliens\blit3dv3\release\win32_time.obj
c:\prog\physics_blit3dv3\mildlyannoyedaliens\blit3dv3\release\win32_monitor.obj
c:\prog\physics_blit3dv3\mildlyannoyedaliens\blit3dv3\release\win32_joystick.obj
c:\prog\physics_blit3dv3\mildlyannoyedaliens\blit3dv3\release\win32_init.obj
c:\prog\physics_blit3dv3\mildlyannoyedaliens\blit3dv3\release\wgl_context.obj
c:\prog\physics_blit3dv3\mildlyannoyedaliens\blit3dv3\release\vulkan.obj
c:\prog\physics_blit3dv3\mildlyannoyedaliens\blit3dv3\release\monitor.obj
c:\prog\physics_blit3dv3\mildlyannoyedaliens\blit3dv3\release\input.obj
c:\prog\physics_blit3dv3\mildlyannoyedaliens\blit3dv3\release\init.obj
c:\prog\physics_blit3dv3\mildlyannoyedaliens\blit3dv3\release\egl_context.obj
c:\prog\physics_blit3dv3\mildlyannoyedaliens\blit3dv3\release\context.obj
c:\prog\physics_blit3dv3\mildlyannoyedaliens\blit3dv3\release\glew.obj
c:\prog\physics_blit3dv3\mildlyannoyedaliens\release\blit3dv3.exe
c:\prog\physics_blit3dv3\mildlyannoyedaliens\release\blit3dv3.ipdb
c:\prog\physics_blit3dv3\mildlyannoyedaliens\release\blit3dv3.iobj
c:\prog\physics_blit3dv3\mildlyannoyedaliens\release\blit3dv3.pdb
c:\prog\physics_blit3dv3\mildlyannoyedaliens\blit3dv3\release\blit3dv3.tlog\cl.command.1.tlog
c:\prog\physics_blit3dv3\mildlyannoyedaliens\blit3dv3\release\blit3dv3.tlog\cl.read.1.tlog
c:\prog\physics_blit3dv3\mildlyannoyedaliens\blit3dv3\release\blit3dv3.tlog\cl.write.1.tlog
c:\prog\physics_blit3dv3\mildlyannoyedaliens\blit3dv3\release\blit3dv3.tlog\link.command.1.tlog
c:\prog\physics_blit3dv3\mildlyannoyedaliens\blit3dv3\release\blit3dv3.tlog\link.read.1.tlog
c:\prog\physics_blit3dv3\mildlyannoyedaliens\blit3dv3\release\blit3dv3.tlog\link.write.1.tlog
