C:\Program Files (x86)\Microsoft Visual Studio\2017\Community\Common7\IDE\VC\VCTargets\Microsoft.CppBuild.targets(387,5): warning MSB8028: The intermediate directory (Release\) contains files shared from another project (Blit3Dv3.vcxproj).  This can lead to incorrect clean and rebuild behavior.
  AngelcodeFont.cpp
  BFont.cpp
  Blit3D.cpp
  ByteSwap.cpp
  glslprogram.cpp
  glutils.cpp
  Logger.cpp
  RenderBuffer.cpp
  ShaderManager.cpp
  Sprite.cpp
  TextureManager.cpp
  BlockEntity.cpp
BlockEntity.cpp(181): warning C4305: '=': truncation from 'double' to 'float32'
BlockEntity.cpp(182): warning C4305: '=': truncation from 'double' to 'float32'
BlockEntity.cpp(187): warning C4305: '=': truncation from 'double' to 'float32'
BlockEntity.cpp(188): warning C4305: '=': truncation from 'double' to 'float32'
BlockEntity.cpp(193): warning C4305: '=': truncation from 'double' to 'float32'
BlockEntity.cpp(194): warning C4305: '=': truncation from 'double' to 'float32'
BlockEntity.cpp(199): warning C4305: '=': truncation from 'double' to 'float32'
BlockEntity.cpp(200): warning C4305: '=': truncation from 'double' to 'float32'
  Entity.cpp
  main.cpp
d:\programing\games\angry birds clone\blit3dv3\Camera.h(9): warning C4305: 'argument': truncation from 'double' to 'float'
d:\programing\games\angry birds clone\blit3dv3\Camera.h(10): warning C4305: 'argument': truncation from 'double' to 'float'
d:\programing\games\angry birds clone\blit3dv3\Camera.h(120): warning C4244: '=': conversion from 'double' to 'float', possible loss of data
d:\programing\games\angry birds clone\blit3dv3\Camera.h(132): warning C4244: '=': conversion from 'float' to 'int', possible loss of data
d:\programing\games\angry birds clone\blit3dv3\Camera.h(133): warning C4244: '=': conversion from 'float' to 'int', possible loss of data
d:\programing\games\angry birds clone\blit3dv3\Camera.h(134): warning C4244: '=': conversion from 'float' to 'int', possible loss of data
d:\programing\games\angry birds clone\blit3dv3\Camera.h(139): warning C4244: '+=': conversion from 'float' to 'int', possible loss of data
d:\programing\games\angry birds clone\blit3dv3\Camera.h(140): warning C4244: '+=': conversion from 'float' to 'int', possible loss of data
d:\programing\games\angry birds clone\blit3dv3\Camera.h(141): warning C4244: '+=': conversion from 'float' to 'int', possible loss of data
main.cpp(117): warning C4244: '=': conversion from 'int' to 'float', possible loss of data
main.cpp(118): warning C4244: 'argument': conversion from 'int' to 'float', possible loss of data
main.cpp(120): warning C4244: '=': conversion from 'int' to 'float', possible loss of data
main.cpp(121): warning C4244: '=': conversion from 'int' to 'float', possible loss of data
main.cpp(124): warning C4244: '=': conversion from 'double' to 'float', possible loss of data
main.cpp(125): warning C4244: '=': conversion from 'double' to 'float', possible loss of data
main.cpp(126): warning C4244: '=': conversion from 'double' to 'float', possible loss of data
main.cpp(127): warning C4244: '=': conversion from 'double' to 'float', possible loss of data
main.cpp(495): warning C4244: '+=': conversion from 'double' to 'float', possible loss of data
main.cpp(513): warning C4244: '+=': conversion from 'double' to 'float', possible loss of data
main.cpp(593): warning C4018: '<': signed/unsigned mismatch
main.cpp(623): warning C4018: '<': signed/unsigned mismatch
main.cpp(637): warning C4018: '<': signed/unsigned mismatch
main.cpp(647): warning C4018: '<': signed/unsigned mismatch
main.cpp(659): warning C4018: '<': signed/unsigned mismatch
main.cpp(686): warning C4244: '+=': conversion from 'double' to 'float', possible loss of data
main.cpp(695): warning C4244: '+=': conversion from 'float' to 'int', possible loss of data
main.cpp(700): warning C4244: '+=': conversion from 'float' to 'int', possible loss of data
  MyContactListener.cpp
  Particle.cpp
Particle.cpp(77): warning C4244: '=': conversion from 'float' to 'int', possible loss of data
Particle.cpp(78): warning C4018: '>': signed/unsigned mismatch
  Physics.cpp
Physics.cpp(12): warning C4244: 'argument': conversion from 'double' to 'float', possible loss of data
Physics.cpp(22): warning C4244: 'return': conversion from 'double' to 'float', possible loss of data
Physics.cpp(27): warning C4244: 'return': conversion from 'double' to 'float', possible loss of data
Physics.cpp(32): warning C4244: 'return': conversion from 'double' to 'float', possible loss of data
  ShotEntity.cpp
  glew.c
  context.c
Blit3DBaseFiles\GLFW\context.c(377): warning C4996: 'sscanf': This function or variable may be unsafe. Consider using sscanf_s instead. To disable deprecation, use _CRT_SECURE_NO_WARNINGS. See online help for details.
  C:\Program Files (x86)\Windows Kits\10\Include\10.0.15063.0\ucrt\stdio.h(2260): note: see declaration of 'sscanf'
  egl_context.c
  init.c
  input.c
  monitor.c
  vulkan.c
  wgl_context.c
  win32_init.c
  win32_joystick.c
  win32_monitor.c
Blit3DBaseFiles\GLFW\win32_monitor.c(68): warning C4996: 'wcscpy': This function or variable may be unsafe. Consider using wcscpy_s instead. To disable deprecation, use _CRT_SECURE_NO_WARNINGS. See online help for details.
Blit3DBaseFiles\GLFW\win32_monitor.c(77): warning C4996: 'wcscpy': This function or variable may be unsafe. Consider using wcscpy_s instead. To disable deprecation, use _CRT_SECURE_NO_WARNINGS. See online help for details.
  win32_time.c
  win32_tls.c
  win32_window.c
  window.c
  Generating code
  2680 of 2680 functions (100.0%) were compiled, the rest were copied from previous compilation.
    514 functions were new in current compilation
    0 functions had inline decision re-evaluated but remain unchanged
  Finished generating code
  Blit3Dv3.vcxproj -> D:\Programing\Games\Angry Birds clone\Release\Anger.exe
  Blit3Dv3.vcxproj -> D:\Programing\Games\Angry Birds clone\Release\Anger.pdb (Full PDB)
